{"uid":"3a14f4c3ad3b39ad","name":"Regular failing scenario in after hook","fullName":"Regular failing scenario in after hook","historyId":"de65d60e-9e37-53b7-a8c9-5354dc6e01c6","time":{"start":1720005867126,"stop":1720005868241,"duration":1115},"descriptionHtml":"\n<html>\n  <body>\n    <div>\n      <p>\n        <strong> * File:</strong>\n        <span>regular-feature.feature</span>\n      </p>\n      <p>\n        <strong> * Feature:</strong>\n        <span>Regular feature file</span>\n      </p>\n      <p>\n        <strong> * Scenario:</strong>\n        <span>Regular failing scenario in after hook</span>\n      </p>\n    </div>\n  </body>\n</html>\n","status":"failed","statusMessage":"failed in after hook: expected true to be false","statusTrace":"AssertionError: failed in after hook: expected true to be false\n    at Context.eval (https://www.demoblaze.com/__cypress/tests?p=cypress/e2e/features/regular-feature.feature:16611:51)\n    at Registry.runCaseHook (https://www.demoblaze.com/__cypress/tests?p=cypress/e2e/features/regular-feature.feature:8591:38)\n    at Object.fn (https://www.demoblaze.com/__cypress/tests?p=cypress/e2e/features/regular-feature.feature:15783:39)\n    at runStepWithLogGroup (https://www.demoblaze.com/__cypress/tests?p=cypress/e2e/features/regular-feature.feature:15302:29)\n    at Context.eval (https://www.demoblaze.com/__cypress/tests?p=cypress/e2e/features/regular-feature.feature:15782:58)","flaky":false,"newFailed":false,"newBroken":false,"newPassed":false,"retriesCount":0,"retriesStatusChange":false,"beforeStages":[{"name":"\"before all\" hook","time":{"start":1720005846168,"stop":1720005846185,"duration":17},"status":"passed","steps":[],"attachments":[],"parameters":[],"shouldDisplayMessage":false,"attachmentsCount":0,"attachmentStep":false,"stepsCount":0,"hasContent":false}],"testStage":{"descriptionHtml":"\n<html>\n  <body>\n    <div>\n      <p>\n        <strong> * File:</strong>\n        <span>regular-feature.feature</span>\n      </p>\n      <p>\n        <strong> * Feature:</strong>\n        <span>Regular feature file</span>\n      </p>\n      <p>\n        <strong> * Scenario:</strong>\n        <span>Regular failing scenario in after hook</span>\n      </p>\n    </div>\n  </body>\n</html>\n","status":"failed","statusMessage":"failed in after hook: expected true to be false","statusTrace":"AssertionError: failed in after hook: expected true to be false\n    at Context.eval (https://www.demoblaze.com/__cypress/tests?p=cypress/e2e/features/regular-feature.feature:16611:51)\n    at Registry.runCaseHook (https://www.demoblaze.com/__cypress/tests?p=cypress/e2e/features/regular-feature.feature:8591:38)\n    at Object.fn (https://www.demoblaze.com/__cypress/tests?p=cypress/e2e/features/regular-feature.feature:15783:39)\n    at runStepWithLogGroup (https://www.demoblaze.com/__cypress/tests?p=cypress/e2e/features/regular-feature.feature:15302:29)\n    at Context.eval (https://www.demoblaze.com/__cypress/tests?p=cypress/e2e/features/regular-feature.feature:15782:58)","steps":[{"name":"\"before each\" hook","time":{"start":1720005867126,"stop":1720005867132,"duration":6},"status":"passed","steps":[],"attachments":[],"parameters":[],"shouldDisplayMessage":false,"attachmentsCount":0,"attachmentStep":false,"stepsCount":0,"hasContent":false},{"name":"Before","time":{"start":1720005867135,"stop":1720005867135,"duration":0},"status":"passed","steps":[],"attachments":[],"parameters":[],"shouldDisplayMessage":false,"attachmentsCount":0,"attachmentStep":false,"stepsCount":0,"hasContent":false},{"name":"Given : visit base url","time":{"start":1720005867143,"stop":1720005867757,"duration":614},"status":"passed","steps":[{"name":"visit: /","time":{"start":1720005867143,"stop":1720005867757,"duration":614},"status":"passed","steps":[],"attachments":[],"parameters":[],"shouldDisplayMessage":false,"attachmentsCount":0,"attachmentStep":false,"stepsCount":0,"hasContent":false}],"attachments":[],"parameters":[],"shouldDisplayMessage":false,"attachmentsCount":0,"attachmentStep":false,"stepsCount":1,"hasContent":true},{"name":"Then : I should see \"https://www.demoblaze.com/\" in the browser url","time":{"start":1720005867768,"stop":1720005867770,"duration":2},"status":"passed","steps":[{"name":"log: i should see... step","time":{"start":1720005867769,"stop":1720005867769,"duration":0},"status":"passed","steps":[],"attachments":[],"parameters":[],"shouldDisplayMessage":false,"attachmentsCount":0,"attachmentStep":false,"stepsCount":0,"hasContent":false},{"name":"url","time":{"start":1720005867769,"stop":1720005867770,"duration":1},"status":"passed","steps":[{"name":"assert: expected **https://www.demoblaze.com/** to include **https://www.demoblaze.com/**","time":{"start":1720005867770,"stop":1720005867770,"duration":0},"status":"passed","steps":[],"attachments":[],"parameters":[],"shouldDisplayMessage":false,"attachmentsCount":0,"attachmentStep":false,"stepsCount":0,"hasContent":false}],"attachments":[],"parameters":[],"shouldDisplayMessage":false,"attachmentsCount":0,"attachmentStep":false,"stepsCount":1,"hasContent":true}],"attachments":[],"parameters":[],"shouldDisplayMessage":false,"attachmentsCount":0,"attachmentStep":false,"stepsCount":3,"hasContent":true},{"name":"After: @fail-after","time":{"start":1720005867779,"stop":1720005868039,"duration":260},"status":"failed","statusMessage":"failed in after hook: expected true to be false","statusTrace":"AssertionError: failed in after hook: expected true to be false\n    at Context.eval (https://www.demoblaze.com/__cypress/tests?p=cypress/e2e/features/regular-feature.feature:16611:51)\n    at Registry.runCaseHook (https://www.demoblaze.com/__cypress/tests?p=cypress/e2e/features/regular-feature.feature:8591:38)\n    at Object.fn (https://www.demoblaze.com/__cypress/tests?p=cypress/e2e/features/regular-feature.feature:15783:39)\n    at runStepWithLogGroup (https://www.demoblaze.com/__cypress/tests?p=cypress/e2e/features/regular-feature.feature:15302:29)\n    at Context.eval (https://www.demoblaze.com/__cypress/tests?p=cypress/e2e/features/regular-feature.feature:15782:58)","steps":[{"name":"assert: failed in after hook: expected **true** to be false","time":{"start":1720005867780,"stop":1720005867780,"duration":0},"status":"failed","steps":[],"attachments":[],"parameters":[],"shouldDisplayMessage":false,"attachmentsCount":0,"attachmentStep":false,"stepsCount":0,"hasContent":false}],"attachments":[],"parameters":[],"shouldDisplayMessage":true,"attachmentsCount":0,"attachmentStep":false,"stepsCount":1,"hasContent":true},{"name":"\"after each\" hook","time":{"start":1720005868043,"stop":1720005868241,"duration":198},"status":"passed","steps":[],"attachments":[],"parameters":[],"shouldDisplayMessage":false,"attachmentsCount":0,"attachmentStep":false,"stepsCount":0,"hasContent":false}],"attachments":[{"uid":"84d1e2a0b0601d6e","name":"Regular feature file -- Regular failing scenario in after hook (failed).png","source":"84d1e2a0b0601d6e.png","type":"image/png","size":610429}],"parameters":[],"shouldDisplayMessage":false,"attachmentsCount":1,"attachmentStep":false,"stepsCount":11,"hasContent":true},"afterStages":[{"name":"\"after all\" hook","time":{"start":1720005868241,"stop":1720005868241,"duration":0},"status":"passed","steps":[],"attachments":[],"parameters":[],"shouldDisplayMessage":false,"attachmentsCount":0,"attachmentStep":false,"stepsCount":0,"hasContent":false}],"labels":[{"name":"package","value":"cypress.e2e.features.regular-feature.feature"},{"name":"path","value":"cypress/e2e/features/regular-feature.feature"},{"name":"tag","value":"@any-tag-feature-level"},{"name":"tag","value":"@fail-after"},{"name":"feature","value":"Regular feature file"},{"name":"parentSuite","value":"common-parent-suite"},{"name":"suite","value":"regular-suite"},{"name":"subSuite","value":"regular"},{"name":"resultFormat","value":"allure2"}],"parameters":[],"links":[{"name":"ABC-1235","url":"http://jira.com/browse/ABC-1235","type":"issue"}],"hidden":false,"retry":false,"extra":{"severity":"normal","retries":[],"categories":[{"name":"hook errors","description":"hook error","messageRegex":".*(hook).*","matchedStatuses":["failed"],"flaky":false}],"tags":["@fail-after","@any-tag-feature-level"]},"source":"3a14f4c3ad3b39ad.json","parameterValues":[]}