{"uid":"6dd2f82ef30cba23","name":"Regular failing scenario in before hook","fullName":"Regular failing scenario in before hook","historyId":"ae5050d3-b577-547e-afde-768c239f156a","time":{"start":1720005866926,"stop":1720005867125,"duration":199},"descriptionHtml":"\n<html>\n  <body>\n    <div>\n      <p>\n        <strong> * File:</strong>\n        <span>regular-feature.feature</span>\n      </p>\n      <p>\n        <strong> * Feature:</strong>\n        <span>Regular feature file</span>\n      </p>\n      <p>\n        <strong> * Scenario:</strong>\n        <span>Regular failing scenario in before hook</span>\n      </p>\n    </div>\n  </body>\n</html>\n","status":"failed","statusMessage":"failed in before hook: expected true to be false","statusTrace":"AssertionError: failed in before hook: expected true to be false\n    at Context.eval (https://www.demoblaze.com/__cypress/tests?p=cypress/e2e/features/regular-feature.feature:16614:52)\n    at Registry.runCaseHook (https://www.demoblaze.com/__cypress/tests?p=cypress/e2e/features/regular-feature.feature:8591:38)\n    at Object.fn (https://www.demoblaze.com/__cypress/tests?p=cypress/e2e/features/regular-feature.feature:15783:39)\n    at runStepWithLogGroup (https://www.demoblaze.com/__cypress/tests?p=cypress/e2e/features/regular-feature.feature:15302:29)\n    at Context.eval (https://www.demoblaze.com/__cypress/tests?p=cypress/e2e/features/regular-feature.feature:15782:58)","flaky":false,"newFailed":false,"newBroken":false,"newPassed":false,"retriesCount":0,"retriesStatusChange":false,"beforeStages":[{"name":"\"before all\" hook","time":{"start":1720005846168,"stop":1720005846185,"duration":17},"status":"passed","steps":[],"attachments":[],"parameters":[],"shouldDisplayMessage":false,"attachmentsCount":0,"attachmentStep":false,"stepsCount":0,"hasContent":false}],"testStage":{"descriptionHtml":"\n<html>\n  <body>\n    <div>\n      <p>\n        <strong> * File:</strong>\n        <span>regular-feature.feature</span>\n      </p>\n      <p>\n        <strong> * Feature:</strong>\n        <span>Regular feature file</span>\n      </p>\n      <p>\n        <strong> * Scenario:</strong>\n        <span>Regular failing scenario in before hook</span>\n      </p>\n    </div>\n  </body>\n</html>\n","status":"failed","statusMessage":"failed in before hook: expected true to be false","statusTrace":"AssertionError: failed in before hook: expected true to be false\n    at Context.eval (https://www.demoblaze.com/__cypress/tests?p=cypress/e2e/features/regular-feature.feature:16614:52)\n    at Registry.runCaseHook (https://www.demoblaze.com/__cypress/tests?p=cypress/e2e/features/regular-feature.feature:8591:38)\n    at Object.fn (https://www.demoblaze.com/__cypress/tests?p=cypress/e2e/features/regular-feature.feature:15783:39)\n    at runStepWithLogGroup (https://www.demoblaze.com/__cypress/tests?p=cypress/e2e/features/regular-feature.feature:15302:29)\n    at Context.eval (https://www.demoblaze.com/__cypress/tests?p=cypress/e2e/features/regular-feature.feature:15782:58)","steps":[{"name":"\"before each\" hook","time":{"start":1720005866927,"stop":1720005866933,"duration":6},"status":"passed","steps":[],"attachments":[],"parameters":[],"shouldDisplayMessage":false,"attachmentsCount":0,"attachmentStep":false,"stepsCount":0,"hasContent":false},{"name":"Before","time":{"start":1720005866935,"stop":1720005866936,"duration":1},"status":"passed","steps":[],"attachments":[],"parameters":[],"shouldDisplayMessage":false,"attachmentsCount":0,"attachmentStep":false,"stepsCount":0,"hasContent":false},{"name":"Before: @fail-before","time":{"start":1720005866942,"stop":1720005867105,"duration":163},"status":"failed","statusMessage":"failed in before hook: expected true to be false","statusTrace":"AssertionError: failed in before hook: expected true to be false\n    at Context.eval (https://www.demoblaze.com/__cypress/tests?p=cypress/e2e/features/regular-feature.feature:16614:52)\n    at Registry.runCaseHook (https://www.demoblaze.com/__cypress/tests?p=cypress/e2e/features/regular-feature.feature:8591:38)\n    at Object.fn (https://www.demoblaze.com/__cypress/tests?p=cypress/e2e/features/regular-feature.feature:15783:39)\n    at runStepWithLogGroup (https://www.demoblaze.com/__cypress/tests?p=cypress/e2e/features/regular-feature.feature:15302:29)\n    at Context.eval (https://www.demoblaze.com/__cypress/tests?p=cypress/e2e/features/regular-feature.feature:15782:58)","steps":[{"name":"assert: failed in before hook: expected **true** to be false","time":{"start":1720005866943,"stop":1720005866943,"duration":0},"status":"failed","steps":[],"attachments":[],"parameters":[],"shouldDisplayMessage":false,"attachmentsCount":0,"attachmentStep":false,"stepsCount":0,"hasContent":false}],"attachments":[],"parameters":[],"shouldDisplayMessage":true,"attachmentsCount":0,"attachmentStep":false,"stepsCount":1,"hasContent":true},{"name":"\"after each\" hook","time":{"start":1720005867105,"stop":1720005867114,"duration":9},"status":"passed","steps":[],"attachments":[],"parameters":[],"shouldDisplayMessage":false,"attachmentsCount":0,"attachmentStep":false,"stepsCount":0,"hasContent":false}],"attachments":[{"uid":"e58456067f2f5313","name":"Regular feature file -- Regular failing scenario in before hook (failed).png","source":"e58456067f2f5313.png","type":"image/png","size":235299}],"parameters":[],"shouldDisplayMessage":false,"attachmentsCount":1,"attachmentStep":false,"stepsCount":5,"hasContent":true},"afterStages":[{"name":"\"after all\" hook","time":{"start":1720005868241,"stop":1720005868241,"duration":0},"status":"passed","steps":[],"attachments":[],"parameters":[],"shouldDisplayMessage":false,"attachmentsCount":0,"attachmentStep":false,"stepsCount":0,"hasContent":false}],"labels":[{"name":"package","value":"cypress.e2e.features.regular-feature.feature"},{"name":"path","value":"cypress/e2e/features/regular-feature.feature"},{"name":"tag","value":"@any-tag-feature-level"},{"name":"tag","value":"@fail-before"},{"name":"feature","value":"Regular feature file"},{"name":"parentSuite","value":"common-parent-suite"},{"name":"suite","value":"regular-suite"},{"name":"subSuite","value":"regular"},{"name":"resultFormat","value":"allure2"}],"parameters":[],"links":[{"name":"ABC-1235","url":"http://jira.com/browse/ABC-1235","type":"issue"}],"hidden":false,"retry":false,"extra":{"severity":"normal","retries":[],"categories":[{"name":"hook errors","description":"hook error","messageRegex":".*(hook).*","matchedStatuses":["failed"],"flaky":false}],"tags":["@fail-before","@any-tag-feature-level"]},"source":"6dd2f82ef30cba23.json","parameterValues":[]}