{"uid":"74a6b0686fc49b37","name":"Regular failing scenario in before hook","fullName":"Regular failing scenario in before hook","historyId":"345361c8-7350-5f70-878f-2b1c433807fa","time":{"start":1699278555782,"stop":1699278556043,"duration":261},"descriptionHtml":"\n<html>\n  <body>\n    <div>\n      <p>\n        <strong> * File:</strong>\n        <span>regular-feature.feature</span>\n      </p>\n      <p>\n        <strong> * Feature:</strong>\n        <span>Regular feature file</span>\n      </p>\n      <p>\n        <strong> * Scenario:</strong>\n        <span>Regular failing scenario in before hook</span>\n      </p>\n    </div>\n  </body>\n</html>\n","status":"failed","statusMessage":"failed in before hook: expected true to be false","statusTrace":"AssertionError: failed in before hook: expected true to be false\n    at Context.eval (https://www.demoblaze.com/__cypress/tests?p=cypress/e2e/features/regular-feature.feature:15793:52)\n    at Registry.runHook (https://www.demoblaze.com/__cypress/tests?p=cypress/e2e/features/regular-feature.feature:8560:38)\n    at Object.fn (https://www.demoblaze.com/__cypress/tests?p=cypress/e2e/features/regular-feature.feature:14932:39)\n    at runStepWithLogGroup (https://www.demoblaze.com/__cypress/tests?p=cypress/e2e/features/regular-feature.feature:14609:29)\n    at Context.eval (https://www.demoblaze.com/__cypress/tests?p=cypress/e2e/features/regular-feature.feature:14931:51)","flaky":false,"newFailed":false,"newBroken":false,"newPassed":false,"retriesCount":0,"retriesStatusChange":false,"beforeStages":[{"name":"\"before all\" hook","time":{"start":1699278535704,"stop":1699278535718,"duration":14},"status":"passed","steps":[],"attachments":[],"parameters":[],"shouldDisplayMessage":false,"attachmentsCount":0,"attachmentStep":false,"stepsCount":0,"hasContent":false}],"testStage":{"descriptionHtml":"\n<html>\n  <body>\n    <div>\n      <p>\n        <strong> * File:</strong>\n        <span>regular-feature.feature</span>\n      </p>\n      <p>\n        <strong> * Feature:</strong>\n        <span>Regular feature file</span>\n      </p>\n      <p>\n        <strong> * Scenario:</strong>\n        <span>Regular failing scenario in before hook</span>\n      </p>\n    </div>\n  </body>\n</html>\n","status":"failed","statusMessage":"failed in before hook: expected true to be false","statusTrace":"AssertionError: failed in before hook: expected true to be false\n    at Context.eval (https://www.demoblaze.com/__cypress/tests?p=cypress/e2e/features/regular-feature.feature:15793:52)\n    at Registry.runHook (https://www.demoblaze.com/__cypress/tests?p=cypress/e2e/features/regular-feature.feature:8560:38)\n    at Object.fn (https://www.demoblaze.com/__cypress/tests?p=cypress/e2e/features/regular-feature.feature:14932:39)\n    at runStepWithLogGroup (https://www.demoblaze.com/__cypress/tests?p=cypress/e2e/features/regular-feature.feature:14609:29)\n    at Context.eval (https://www.demoblaze.com/__cypress/tests?p=cypress/e2e/features/regular-feature.feature:14931:51)","steps":[{"name":"\"before each\" hook","time":{"start":1699278555790,"stop":1699278555790,"duration":0},"status":"passed","steps":[],"attachments":[],"parameters":[],"shouldDisplayMessage":false,"attachmentsCount":0,"attachmentStep":false,"stepsCount":0,"hasContent":false},{"name":"Before","time":{"start":1699278555797,"stop":1699278555806,"duration":9},"status":"passed","steps":[],"attachments":[],"parameters":[],"shouldDisplayMessage":false,"attachmentsCount":0,"attachmentStep":false,"stepsCount":0,"hasContent":false},{"name":"Before: @fail-before","time":{"start":1699278555807,"stop":1699278556021,"duration":214},"status":"failed","statusMessage":"failed in before hook: expected true to be false","statusTrace":"AssertionError: failed in before hook: expected true to be false\n    at Context.eval (https://www.demoblaze.com/__cypress/tests?p=cypress/e2e/features/regular-feature.feature:15793:52)\n    at Registry.runHook (https://www.demoblaze.com/__cypress/tests?p=cypress/e2e/features/regular-feature.feature:8560:38)\n    at Object.fn (https://www.demoblaze.com/__cypress/tests?p=cypress/e2e/features/regular-feature.feature:14932:39)\n    at runStepWithLogGroup (https://www.demoblaze.com/__cypress/tests?p=cypress/e2e/features/regular-feature.feature:14609:29)\n    at Context.eval (https://www.demoblaze.com/__cypress/tests?p=cypress/e2e/features/regular-feature.feature:14931:51)","steps":[{"name":"assert: failed in before hook: expected **true** to be false","time":{"start":1699278555808,"stop":1699278555808,"duration":0},"status":"failed","statusMessage":"failed in before hook: expected true to be false","statusTrace":"AssertionError: failed in before hook: expected true to be false\n    at Context.eval (https://www.demoblaze.com/__cypress/tests?p=cypress/e2e/features/regular-feature.feature:15793:52)\n    at Registry.runHook (https://www.demoblaze.com/__cypress/tests?p=cypress/e2e/features/regular-feature.feature:8560:38)\n    at Object.fn (https://www.demoblaze.com/__cypress/tests?p=cypress/e2e/features/regular-feature.feature:14932:39)\n    at runStepWithLogGroup (https://www.demoblaze.com/__cypress/tests?p=cypress/e2e/features/regular-feature.feature:14609:29)\n    at Context.eval (https://www.demoblaze.com/__cypress/tests?p=cypress/e2e/features/regular-feature.feature:14931:51)","steps":[],"attachments":[],"parameters":[],"shouldDisplayMessage":true,"attachmentsCount":0,"attachmentStep":false,"stepsCount":0,"hasContent":true}],"attachments":[],"parameters":[],"shouldDisplayMessage":false,"attachmentsCount":0,"attachmentStep":false,"stepsCount":1,"hasContent":true},{"name":"\"after each\" hook","time":{"start":1699278556021,"stop":1699278556042,"duration":21},"status":"passed","steps":[],"attachments":[],"parameters":[],"shouldDisplayMessage":false,"attachmentsCount":0,"attachmentStep":false,"stepsCount":0,"hasContent":false}],"attachments":[{"uid":"7ebd48ae4729a098","name":"Regular feature file -- Regular failing scenario in before hook (failed).png","source":"7ebd48ae4729a098.png","type":"image/png","size":238400}],"parameters":[],"shouldDisplayMessage":false,"attachmentsCount":1,"attachmentStep":false,"stepsCount":5,"hasContent":true},"afterStages":[],"labels":[{"name":"package","value":"cypress.e2e.features.regular-feature.feature"},{"name":"path","value":"cypress/e2e/features/regular-feature.feature"},{"name":"tag","value":"@any-tag-feature-level"},{"name":"tag","value":"@fail-before"},{"name":"feature","value":"Regular feature file"},{"name":"parentSuite","value":"common-parent-suite"},{"name":"suite","value":"regular-suite"},{"name":"subSuite","value":"sub-suite"},{"name":"resultFormat","value":"allure2"}],"parameters":[],"links":[{"name":"ABC-1235","url":"http://jira.com/browse/ABC-1235","type":"issue"}],"hidden":false,"retry":false,"extra":{"severity":"normal","retries":[],"categories":[{"name":"hook errors","description":"hook error","messageRegex":".*(hook).*","matchedStatuses":["failed"],"flaky":false}],"tags":["@fail-before","@any-tag-feature-level"]},"source":"74a6b0686fc49b37.json","parameterValues":[]}