{"uid":"af208b2b0d2b5d7b","name":"Regular failing scenario in after hook","fullName":"Regular failing scenario in after hook","historyId":"ac1c3160-c922-503f-869b-302f31b79c20","time":{"start":1699278556044,"stop":1699278557124,"duration":1080},"descriptionHtml":"\n<html>\n  <body>\n    <div>\n      <p>\n        <strong> * File:</strong>\n        <span>regular-feature.feature</span>\n      </p>\n      <p>\n        <strong> * Feature:</strong>\n        <span>Regular feature file</span>\n      </p>\n      <p>\n        <strong> * Scenario:</strong>\n        <span>Regular failing scenario in after hook</span>\n      </p>\n    </div>\n  </body>\n</html>\n","status":"failed","statusMessage":"failed in after hook: expected true to be false","statusTrace":"AssertionError: failed in after hook: expected true to be false\n    at Context.eval (https://www.demoblaze.com/__cypress/tests?p=cypress/e2e/features/regular-feature.feature:15790:51)\n    at Registry.runHook (https://www.demoblaze.com/__cypress/tests?p=cypress/e2e/features/regular-feature.feature:8560:38)\n    at Object.fn (https://www.demoblaze.com/__cypress/tests?p=cypress/e2e/features/regular-feature.feature:14932:39)\n    at runStepWithLogGroup (https://www.demoblaze.com/__cypress/tests?p=cypress/e2e/features/regular-feature.feature:14609:29)\n    at Context.eval (https://www.demoblaze.com/__cypress/tests?p=cypress/e2e/features/regular-feature.feature:14931:51)","flaky":false,"newFailed":false,"newBroken":false,"newPassed":false,"retriesCount":0,"retriesStatusChange":false,"beforeStages":[{"name":"\"before all\" hook","time":{"start":1699278535704,"stop":1699278535718,"duration":14},"status":"passed","steps":[],"attachments":[],"parameters":[],"shouldDisplayMessage":false,"attachmentsCount":0,"attachmentStep":false,"stepsCount":0,"hasContent":false}],"testStage":{"descriptionHtml":"\n<html>\n  <body>\n    <div>\n      <p>\n        <strong> * File:</strong>\n        <span>regular-feature.feature</span>\n      </p>\n      <p>\n        <strong> * Feature:</strong>\n        <span>Regular feature file</span>\n      </p>\n      <p>\n        <strong> * Scenario:</strong>\n        <span>Regular failing scenario in after hook</span>\n      </p>\n    </div>\n  </body>\n</html>\n","status":"failed","statusMessage":"failed in after hook: expected true to be false","statusTrace":"AssertionError: failed in after hook: expected true to be false\n    at Context.eval (https://www.demoblaze.com/__cypress/tests?p=cypress/e2e/features/regular-feature.feature:15790:51)\n    at Registry.runHook (https://www.demoblaze.com/__cypress/tests?p=cypress/e2e/features/regular-feature.feature:8560:38)\n    at Object.fn (https://www.demoblaze.com/__cypress/tests?p=cypress/e2e/features/regular-feature.feature:14932:39)\n    at runStepWithLogGroup (https://www.demoblaze.com/__cypress/tests?p=cypress/e2e/features/regular-feature.feature:14609:29)\n    at Context.eval (https://www.demoblaze.com/__cypress/tests?p=cypress/e2e/features/regular-feature.feature:14931:51)","steps":[{"name":"\"before each\" hook","time":{"start":1699278556045,"stop":1699278556068,"duration":23},"status":"passed","steps":[],"attachments":[],"parameters":[],"shouldDisplayMessage":false,"attachmentsCount":0,"attachmentStep":false,"stepsCount":0,"hasContent":false},{"name":"Before","time":{"start":1699278556073,"stop":1699278556081,"duration":8},"status":"passed","steps":[],"attachments":[],"parameters":[],"shouldDisplayMessage":false,"attachmentsCount":0,"attachmentStep":false,"stepsCount":0,"hasContent":false},{"name":"Given : visit base url","time":{"start":1699278556083,"stop":1699278556089,"duration":6},"status":"passed","steps":[{"name":"visit: /","time":{"start":1699278556084,"stop":1699278556089,"duration":5},"status":"passed","steps":[],"attachments":[],"parameters":[],"shouldDisplayMessage":false,"attachmentsCount":0,"attachmentStep":false,"stepsCount":0,"hasContent":false}],"attachments":[],"parameters":[],"shouldDisplayMessage":false,"attachmentsCount":0,"attachmentStep":false,"stepsCount":1,"hasContent":true},{"name":"Then : I should see \"https://www.demoblaze.com/\" in the browser url","time":{"start":1699278556748,"stop":1699278556759,"duration":11},"status":"failed","steps":[{"name":"url","time":{"start":1699278556749,"stop":1699278556750,"duration":1},"status":"failed","steps":[{"name":"assert: expected **https://www.demoblaze.com/** to include **https://www.demoblaze.com/**","time":{"start":1699278556750,"stop":1699278556750,"duration":0},"status":"failed","steps":[],"attachments":[],"parameters":[],"shouldDisplayMessage":false,"attachmentsCount":0,"attachmentStep":false,"stepsCount":0,"hasContent":false}],"attachments":[],"parameters":[],"shouldDisplayMessage":false,"attachmentsCount":0,"attachmentStep":false,"stepsCount":1,"hasContent":true}],"attachments":[],"parameters":[],"shouldDisplayMessage":false,"attachmentsCount":0,"attachmentStep":false,"stepsCount":2,"hasContent":true},{"name":"After: @fail-after","time":{"start":1699278556761,"stop":1699278557103,"duration":342},"status":"failed","statusMessage":"failed in after hook: expected true to be false","statusTrace":"AssertionError: failed in after hook: expected true to be false\n    at Context.eval (https://www.demoblaze.com/__cypress/tests?p=cypress/e2e/features/regular-feature.feature:15790:51)\n    at Registry.runHook (https://www.demoblaze.com/__cypress/tests?p=cypress/e2e/features/regular-feature.feature:8560:38)\n    at Object.fn (https://www.demoblaze.com/__cypress/tests?p=cypress/e2e/features/regular-feature.feature:14932:39)\n    at runStepWithLogGroup (https://www.demoblaze.com/__cypress/tests?p=cypress/e2e/features/regular-feature.feature:14609:29)\n    at Context.eval (https://www.demoblaze.com/__cypress/tests?p=cypress/e2e/features/regular-feature.feature:14931:51)","steps":[{"name":"assert: failed in after hook: expected **true** to be false","time":{"start":1699278556762,"stop":1699278556762,"duration":0},"status":"failed","statusMessage":"failed in after hook: expected true to be false","statusTrace":"AssertionError: failed in after hook: expected true to be false\n    at Context.eval (https://www.demoblaze.com/__cypress/tests?p=cypress/e2e/features/regular-feature.feature:15790:51)\n    at Registry.runHook (https://www.demoblaze.com/__cypress/tests?p=cypress/e2e/features/regular-feature.feature:8560:38)\n    at Object.fn (https://www.demoblaze.com/__cypress/tests?p=cypress/e2e/features/regular-feature.feature:14932:39)\n    at runStepWithLogGroup (https://www.demoblaze.com/__cypress/tests?p=cypress/e2e/features/regular-feature.feature:14609:29)\n    at Context.eval (https://www.demoblaze.com/__cypress/tests?p=cypress/e2e/features/regular-feature.feature:14931:51)","steps":[],"attachments":[],"parameters":[],"shouldDisplayMessage":true,"attachmentsCount":0,"attachmentStep":false,"stepsCount":0,"hasContent":true}],"attachments":[],"parameters":[],"shouldDisplayMessage":false,"attachmentsCount":0,"attachmentStep":false,"stepsCount":1,"hasContent":true},{"name":"\"after each\" hook","time":{"start":1699278557103,"stop":1699278557110,"duration":7},"status":"passed","steps":[],"attachments":[],"parameters":[],"shouldDisplayMessage":false,"attachmentsCount":0,"attachmentStep":false,"stepsCount":0,"hasContent":false}],"attachments":[{"uid":"2f2da81f20202a6b","name":"Regular feature file -- Regular failing scenario in after hook (failed).png","source":"2f2da81f20202a6b.png","type":"image/png","size":615433}],"parameters":[],"shouldDisplayMessage":false,"attachmentsCount":1,"attachmentStep":false,"stepsCount":10,"hasContent":true},"afterStages":[],"labels":[{"name":"package","value":"cypress.e2e.features.regular-feature.feature"},{"name":"path","value":"cypress/e2e/features/regular-feature.feature"},{"name":"tag","value":"@any-tag-feature-level"},{"name":"tag","value":"@fail-after"},{"name":"feature","value":"Regular feature file"},{"name":"parentSuite","value":"common-parent-suite"},{"name":"suite","value":"regular-suite"},{"name":"subSuite","value":"sub-suite"},{"name":"resultFormat","value":"allure2"}],"parameters":[],"links":[{"name":"ABC-1235","url":"http://jira.com/browse/ABC-1235","type":"issue"}],"hidden":false,"retry":false,"extra":{"severity":"normal","retries":[],"categories":[{"name":"hook errors","description":"hook error","messageRegex":".*(hook).*","matchedStatuses":["failed"],"flaky":false}],"tags":["@fail-after","@any-tag-feature-level"]},"source":"af208b2b0d2b5d7b.json","parameterValues":[]}